<?xml version="1.0" encoding="UTF-8"?>
<TestRun id="59d8e5cc-a514-4599-8d26-e2a944695b7c" name="lideng@NCS-290714WH02 2014-12-02 15:15:14" runUser="NCS\lideng" xmlns="http://microsoft.com/schemas/VisualStudio/TeamTest/2010">
  <TestSettings name="Default Test Settings" id="79c00c2e-fe30-4472-92cb-37ff84070623">
    <Deployment runDeploymentRoot="lideng_NCS-290714WH02 2014-12-02 15_15_14">
      <DeploymentItem filename="C:\Users\lideng\Desktop\GitHub\Projects\Projects\c#\MVC\01_Music\01_Music\bin\01_Music.dll" />
    </Deployment>
    <Execution>
      <TestTypeSpecific />
      <AgentRule name="Execution Agents">
      </AgentRule>
    </Execution>
  </TestSettings>
  <Times creation="2014-12-02T15:15:14.5607365+08:00" queuing="2014-12-02T15:15:23.3058397+08:00" start="2014-12-02T15:15:23.5758424+08:00" finish="2014-12-02T15:15:27.8158857+08:00" />
  <ResultSummary outcome="Completed">
    <Counters total="2" executed="2" passed="2" error="0" failed="0" timeout="0" aborted="0" inconclusive="0" passedButRunAborted="0" notRunnable="0" notExecuted="0" disconnected="0" warning="0" completed="0" inProgress="0" pending="0" />
  </ResultSummary>
  <TestDefinitions>
    <UnitTest name="About" storage="c:\users\lideng\desktop\github\projects\projects\c#\mvc\01_music\01_music.tests\bin\debug\01_music.tests.dll" id="d2299e5d-55e8-113f-6358-9705de887804">
      <Execution id="cdd16345-26ba-4b01-ab85-51d325bb72b1" />
      <TestMethod codeBase="C:/Users/lideng/Desktop/GitHub/Projects/Projects/c#/MVC/01_Music/01_Music.Tests/bin/Debug/01_Music.Tests.DLL" adapterTypeName="Microsoft.VisualStudio.TestTools.TestTypes.Unit.UnitTestAdapter, Microsoft.VisualStudio.QualityTools.Tips.UnitTest.Adapter, Version=10.0.0.0, Culture=neutral, PublicKeyToken=b03f5f7f11d50a3a" className="_01_Music.Tests.Controllers.HomeControllerTest, 01_Music.Tests, Version=1.0.0.0, Culture=neutral, PublicKeyToken=null" name="About" />
    </UnitTest>
    <UnitTest name="Index" storage="c:\users\lideng\desktop\github\projects\projects\c#\mvc\01_music\01_music.tests\bin\debug\01_music.tests.dll" id="0a7caa90-483f-c32a-0ef6-14842b16152b">
      <Execution id="41be541d-57c3-4a0e-b45d-db804ec797c2" />
      <TestMethod codeBase="C:/Users/lideng/Desktop/GitHub/Projects/Projects/c#/MVC/01_Music/01_Music.Tests/bin/Debug/01_Music.Tests.DLL" adapterTypeName="Microsoft.VisualStudio.TestTools.TestTypes.Unit.UnitTestAdapter, Microsoft.VisualStudio.QualityTools.Tips.UnitTest.Adapter, Version=10.0.0.0, Culture=neutral, PublicKeyToken=b03f5f7f11d50a3a" className="_01_Music.Tests.Controllers.HomeControllerTest, 01_Music.Tests, Version=1.0.0.0, Culture=neutral, PublicKeyToken=null" name="Index" />
    </UnitTest>
  </TestDefinitions>
  <TestLists>
    <TestList name="Results Not in a List" id="8c84fa94-04c1-424b-9868-57a2d4851a1d" />
    <TestList name="All Loaded Results" id="19431567-8539-422a-85d7-44ee4e166bda" />
  </TestLists>
  <TestEntries>
    <TestEntry testId="0a7caa90-483f-c32a-0ef6-14842b16152b" executionId="41be541d-57c3-4a0e-b45d-db804ec797c2" testListId="8c84fa94-04c1-424b-9868-57a2d4851a1d" />
    <TestEntry testId="d2299e5d-55e8-113f-6358-9705de887804" executionId="cdd16345-26ba-4b01-ab85-51d325bb72b1" testListId="8c84fa94-04c1-424b-9868-57a2d4851a1d" />
  </TestEntries>
  <Results>
    <UnitTestResult executionId="41be541d-57c3-4a0e-b45d-db804ec797c2" testId="0a7caa90-483f-c32a-0ef6-14842b16152b" testName="Index" computerName="NCS-290714WH02" duration="00:00:01.1767691" startTime="2014-12-02T15:15:23.9458461+08:00" endTime="2014-12-02T15:15:27.6258838+08:00" testType="13cdc9d9-ddb5-4fa4-a97d-d965ccfc6d4b" outcome="Passed" testListId="8c84fa94-04c1-424b-9868-57a2d4851a1d" relativeResultsDirectory="41be541d-57c3-4a0e-b45d-db804ec797c2">
    </UnitTestResult>
    <UnitTestResult executionId="cdd16345-26ba-4b01-ab85-51d325bb72b1" testId="d2299e5d-55e8-113f-6358-9705de887804" testName="About" computerName="NCS-290714WH02" duration="00:00:00.0254460" startTime="2014-12-02T15:15:27.6458840+08:00" endTime="2014-12-02T15:15:27.6858844+08:00" testType="13cdc9d9-ddb5-4fa4-a97d-d965ccfc6d4b" outcome="Passed" testListId="8c84fa94-04c1-424b-9868-57a2d4851a1d" relativeResultsDirectory="cdd16345-26ba-4b01-ab85-51d325bb72b1">
    </UnitTestResult>
  </Results>
</TestRun>